# JRE version: OpenJDK Runtime Environment (17.0.7) (build 17.0.7+0-b2043.56-10550314)
# Java VM: OpenJDK 64-Bit Server VM (17.0.7+0-b2043.56-10550314, mixed mode, tiered, compressed oops, compressed class ptrs, g1 gc, windows-amd64)
GC Precious Log:
 CPUs: 4 total, 4 available
 Memory: 7834M
 Large Page Support: Disabled
 NUMA Support: Disabled
 Compressed Oops: Enabled (32-bit)
 Heap Region Size: 1M
 Heap Min Capacity: 8M
 Heap Initial Capacity: 124M
 Heap Max Capacity: 2G
 Pre-touch: Disabled
 Parallel Workers: 4
 Concurrent Workers: 1
 Concurrent Refinement Workers: 4
 Periodic GC: Disabled
Heap:
 garbage-first heap   total 359424K, used 252365K [0x0000000080000000, 0x0000000100000000)
  region size 1024K, 78 young (79872K), 3 survivors (3072K)
 Metaspace       used 99415K, committed 100160K, reserved 1179648K
  class space    used 13591K, committed 13952K, reserved 1048576K
GC Heap History (20 events):
Event: 17.189 GC heap before
{Heap before GC invocations=44 (full 0):
 garbage-first heap   total 214016K, used 182831K [0x0000000080000000, 0x0000000100000000)
  region size 1024K, 63 young (64512K), 4 survivors (4096K)
 Metaspace       used 94118K, committed 94912K, reserved 1179648K
  class space    used 12812K, committed 13184K, reserved 1048576K
}
Event: 17.201 GC heap after
{Heap after GC invocations=45 (full 0):
 garbage-first heap   total 214016K, used 123224K [0x0000000080000000, 0x0000000100000000)
  region size 1024K, 8 young (8192K), 8 survivors (8192K)
 Metaspace       used 94118K, committed 94912K, reserved 1179648K
  class space    used 12812K, committed 13184K, reserved 1048576K
}
Event: 17.323 GC heap before
{Heap before GC invocations=45 (full 0):
 garbage-first heap   total 214016K, used 136536K [0x0000000080000000, 0x0000000100000000)
  region size 1024K, 15 young (15360K), 8 survivors (8192K)
 Metaspace       used 94785K, committed 95552K, reserved 1179648K
  class space    used 12897K, committed 13248K, reserved 1048576K
}
Event: 17.331 GC heap after
{Heap after GC invocations=46 (full 0):
 garbage-first heap   total 214016K, used 133508K [0x0000000080000000, 0x0000000100000000)
  region size 1024K, 3 young (3072K), 3 survivors (3072K)
 Metaspace       used 94785K, committed 95552K, reserved 1179648K
  class space    used 12897K, committed 13248K, reserved 1048576K
}
Event: 17.375 GC heap before
{Heap before GC invocations=46 (full 0):
 garbage-first heap   total 214016K, used 145796K [0x0000000080000000, 0x0000000100000000)
  region size 1024K, 4 young (4096K), 3 survivors (3072K)
 Metaspace       used 94787K, committed 95552K, reserved 1179648K
  class space    used 12897K, committed 13248K, reserved 1048576K
}
Event: 17.377 GC heap after
{Heap after GC invocations=47 (full 0):
 garbage-first heap   total 214016K, used 145038K [0x0000000080000000, 0x0000000100000000)
  region size 1024K, 3 young (3072K), 3 survivors (3072K)
 Metaspace       used 94787K, committed 95552K, reserved 1179648K
  class space    used 12897K, committed 13248K, reserved 1048576K
}
Event: 17.983 GC heap before
{Heap before GC invocations=48 (full 0):
 garbage-first heap   total 258048K, used 178830K [0x0000000080000000, 0x0000000100000000)
  region size 1024K, 35 young (35840K), 3 survivors (3072K)
 Metaspace       used 97976K, committed 98752K, reserved 1179648K
  class space    used 13408K, committed 13760K, reserved 1048576K
}
Event: 17.988 GC heap after
{Heap after GC invocations=49 (full 0):
 garbage-first heap   total 258048K, used 151037K [0x0000000080000000, 0x0000000100000000)
  region size 1024K, 5 young (5120K), 5 survivors (5120K)
 Metaspace       used 97976K, committed 98752K, reserved 1179648K
  class space    used 13408K, committed 13760K, reserved 1048576K
}
Event: 18.115 GC heap before
{Heap before GC invocations=49 (full 0):
 garbage-first heap   total 258048K, used 158205K [0x0000000080000000, 0x0000000100000000)
  region size 1024K, 12 young (12288K), 5 survivors (5120K)
 Metaspace       used 98043K, committed 98816K, reserved 1179648K
  class space    used 13408K, committed 13760K, reserved 1048576K
}
Event: 18.121 GC heap after
{Heap after GC invocations=50 (full 0):
 garbage-first heap   total 258048K, used 151365K [0x0000000080000000, 0x0000000100000000)
  region size 1024K, 1 young (1024K), 1 survivors (1024K)
 Metaspace       used 98043K, committed 98816K, reserved 1179648K
  class space    used 13408K, committed 13760K, reserved 1048576K
}
Event: 18.609 GC heap before
{Heap before GC invocations=50 (full 0):
 garbage-first heap   total 258048K, used 203589K [0x0000000080000000, 0x0000000100000000)
  region size 1024K, 49 young (50176K), 1 survivors (1024K)
 Metaspace       used 99390K, committed 100160K, reserved 1179648K
  class space    used 13590K, committed 13952K, reserved 1048576K
}
Event: 18.622 GC heap after
{Heap after GC invocations=51 (full 0):
 garbage-first heap   total 258048K, used 164645K [0x0000000080000000, 0x0000000100000000)
  region size 1024K, 7 young (7168K), 7 survivors (7168K)
 Metaspace       used 99390K, committed 100160K, reserved 1179648K
  class space    used 13590K, committed 13952K, reserved 1048576K
}
Event: 18.892 GC heap before
{Heap before GC invocations=51 (full 0):
 garbage-first heap   total 258048K, used 205605K [0x0000000080000000, 0x0000000100000000)
  region size 1024K, 48 young (49152K), 7 survivors (7168K)
 Metaspace       used 99407K, committed 100160K, reserved 1179648K
  class space    used 13590K, committed 13952K, reserved 1048576K
}
Event: 18.910 GC heap after
{Heap after GC invocations=52 (full 0):
 garbage-first heap   total 258048K, used 173056K [0x0000000080000000, 0x0000000100000000)
  region size 1024K, 6 young (6144K), 6 survivors (6144K)
 Metaspace       used 99407K, committed 100160K, reserved 1179648K
  class space    used 13590K, committed 13952K, reserved 1048576K
}
Event: 19.190 GC heap before
{Heap before GC invocations=52 (full 0):
 garbage-first heap   total 258048K, used 206848K [0x0000000080000000, 0x0000000100000000)
  region size 1024K, 40 young (40960K), 6 survivors (6144K)
 Metaspace       used 99413K, committed 100160K, reserved 1179648K
  class space    used 13591K, committed 13952K, reserved 1048576K
}
Event: 19.197 GC heap after
{Heap after GC invocations=53 (full 0):
 garbage-first heap   total 359424K, used 175616K [0x0000000080000000, 0x0000000100000000)
  region size 1024K, 3 young (3072K), 3 survivors (3072K)
 Metaspace       used 99413K, committed 100160K, reserved 1179648K
  class space    used 13591K, committed 13952K, reserved 1048576K
}
Event: 19.868 GC heap before
{Heap before GC invocations=54 (full 0):
 garbage-first heap   total 359424K, used 263680K [0x0000000080000000, 0x0000000100000000)
  region size 1024K, 89 young (91136K), 3 survivors (3072K)
 Metaspace       used 99413K, committed 100160K, reserved 1179648K
  class space    used 13591K, committed 13952K, reserved 1048576K
}
Event: 19.873 GC heap after
{Heap after GC invocations=55 (full 0):
 garbage-first heap   total 359424K, used 177326K [0x0000000080000000, 0x0000000100000000)
  region size 1024K, 5 young (5120K), 5 survivors (5120K)
 Metaspace       used 99413K, committed 100160K, reserved 1179648K
  class space    used 13591K, committed 13952K, reserved 1048576K
}
Event: 19.921 GC heap before
{Heap before GC invocations=55 (full 0):
 garbage-first heap   total 359424K, used 189614K [0x0000000080000000, 0x0000000100000000)
  region size 1024K, 17 young (17408K), 5 survivors (5120K)
 Metaspace       used 99413K, committed 100160K, reserved 1179648K
  class space    used 13591K, committed 13952K, reserved 1048576K
}
Event: 19.925 GC heap after
{Heap after GC invocations=56 (full 0):
 garbage-first heap   total 359424K, used 176589K [0x0000000080000000, 0x0000000100000000)
  region size 1024K, 3 young (3072K), 3 survivors (3072K)
 Metaspace       used 99413K, committed 100160K, reserved 1179648K
  class space    used 13591K, committed 13952K, reserved 1048576K
}

