# JRE version: OpenJDK Runtime Environment (17.0.7) (build 17.0.7+0-b2043.56-10550314)
# Java VM: OpenJDK 64-Bit Server VM (17.0.7+0-b2043.56-10550314, mixed mode, tiered, compressed oops, compressed class ptrs, g1 gc, windows-amd64)
GC Precious Log:
 CPUs: 4 total, 4 available
 Memory: 7834M
 Large Page Support: Disabled
 NUMA Support: Disabled
 Compressed Oops: Enabled (32-bit)
 Heap Region Size: 1M
 Heap Min Capacity: 8M
 Heap Initial Capacity: 124M
 Heap Max Capacity: 2G
 Pre-touch: Disabled
 Parallel Workers: 4
 Concurrent Workers: 1
 Concurrent Refinement Workers: 4
 Periodic GC: Disabled
Heap:
 garbage-first heap   total 87040K, used 52113K [0x0000000080000000, 0x0000000100000000)
  region size 1024K, 3 young (3072K), 3 survivors (3072K)
 Metaspace       used 42416K, committed 42752K, reserved 1114112K
  class space    used 5694K, committed 5824K, reserved 1048576K
GC Heap History (20 events):
Event: 1.753 GC heap after
{Heap after GC invocations=4 (full 0):
 garbage-first heap   total 126976K, used 18519K [0x0000000080000000, 0x0000000100000000)
  region size 1024K, 8 young (8192K), 8 survivors (8192K)
 Metaspace       used 21321K, committed 21504K, reserved 1114112K
  class space    used 2562K, committed 2624K, reserved 1048576K
}
Event: 2.201 GC heap before
{Heap before GC invocations=5 (full 0):
 garbage-first heap   total 68608K, used 50263K [0x0000000080000000, 0x0000000100000000)
  region size 1024K, 40 young (40960K), 8 survivors (8192K)
 Metaspace       used 25995K, committed 26240K, reserved 1114112K
  class space    used 3393K, committed 3520K, reserved 1048576K
}
Event: 2.208 GC heap after
{Heap after GC invocations=6 (full 0):
 garbage-first heap   total 68608K, used 19980K [0x0000000080000000, 0x0000000100000000)
  region size 1024K, 2 young (2048K), 2 survivors (2048K)
 Metaspace       used 25995K, committed 26240K, reserved 1114112K
  class space    used 3393K, committed 3520K, reserved 1048576K
}
Event: 2.224 GC heap before
{Heap before GC invocations=6 (full 0):
 garbage-first heap   total 68608K, used 21004K [0x0000000080000000, 0x0000000100000000)
  region size 1024K, 3 young (3072K), 2 survivors (2048K)
 Metaspace       used 26191K, committed 26496K, reserved 1114112K
  class space    used 3421K, committed 3584K, reserved 1048576K
}
Event: 2.227 GC heap after
{Heap after GC invocations=7 (full 0):
 garbage-first heap   total 82944K, used 20208K [0x0000000080000000, 0x0000000100000000)
  region size 1024K, 1 young (1024K), 1 survivors (1024K)
 Metaspace       used 26191K, committed 26496K, reserved 1114112K
  class space    used 3421K, committed 3584K, reserved 1048576K
}
Event: 2.958 GC heap before
{Heap before GC invocations=7 (full 0):
 garbage-first heap   total 82944K, used 55024K [0x0000000080000000, 0x0000000100000000)
  region size 1024K, 30 young (30720K), 1 survivors (1024K)
 Metaspace       used 29949K, committed 30272K, reserved 1114112K
  class space    used 4059K, committed 4224K, reserved 1048576K
}
Event: 2.962 GC heap after
{Heap after GC invocations=8 (full 0):
 garbage-first heap   total 82944K, used 31122K [0x0000000080000000, 0x0000000100000000)
  region size 1024K, 4 young (4096K), 4 survivors (4096K)
 Metaspace       used 29949K, committed 30272K, reserved 1114112K
  class space    used 4059K, committed 4224K, reserved 1048576K
}
Event: 3.003 GC heap before
{Heap before GC invocations=8 (full 0):
 garbage-first heap   total 82944K, used 43410K [0x0000000080000000, 0x0000000100000000)
  region size 1024K, 5 young (5120K), 4 survivors (4096K)
 Metaspace       used 29951K, committed 30272K, reserved 1114112K
  class space    used 4059K, committed 4224K, reserved 1048576K
}
Event: 3.006 GC heap after
{Heap after GC invocations=9 (full 0):
 garbage-first heap   total 82944K, used 43578K [0x0000000080000000, 0x0000000100000000)
  region size 1024K, 1 young (1024K), 1 survivors (1024K)
 Metaspace       used 29951K, committed 30272K, reserved 1114112K
  class space    used 4059K, committed 4224K, reserved 1048576K
}
Event: 3.275 GC heap before
{Heap before GC invocations=10 (full 0):
 garbage-first heap   total 82944K, used 65082K [0x0000000080000000, 0x0000000100000000)
  region size 1024K, 21 young (21504K), 1 survivors (1024K)
 Metaspace       used 32202K, committed 32576K, reserved 1114112K
  class space    used 4429K, committed 4608K, reserved 1048576K
}
Event: 3.277 GC heap after
{Heap after GC invocations=11 (full 0):
 garbage-first heap   total 82944K, used 48097K [0x0000000080000000, 0x0000000100000000)
  region size 1024K, 3 young (3072K), 3 survivors (3072K)
 Metaspace       used 32202K, committed 32576K, reserved 1114112K
  class space    used 4429K, committed 4608K, reserved 1048576K
}
Event: 3.289 GC heap before
{Heap before GC invocations=11 (full 0):
 garbage-first heap   total 82944K, used 49121K [0x0000000080000000, 0x0000000100000000)
  region size 1024K, 4 young (4096K), 3 survivors (3072K)
 Metaspace       used 32356K, committed 32704K, reserved 1114112K
  class space    used 4451K, committed 4608K, reserved 1048576K
}
Event: 3.291 GC heap after
{Heap after GC invocations=12 (full 0):
 garbage-first heap   total 82944K, used 47828K [0x0000000080000000, 0x0000000100000000)
  region size 1024K, 1 young (1024K), 1 survivors (1024K)
 Metaspace       used 32356K, committed 32704K, reserved 1114112K
  class space    used 4451K, committed 4608K, reserved 1048576K
}
Event: 3.567 GC heap before
{Heap before GC invocations=12 (full 0):
 garbage-first heap   total 82944K, used 65236K [0x0000000080000000, 0x0000000100000000)
  region size 1024K, 18 young (18432K), 1 survivors (1024K)
 Metaspace       used 34579K, committed 34944K, reserved 1114112K
  class space    used 4805K, committed 4992K, reserved 1048576K
}
Event: 3.570 GC heap after
{Heap after GC invocations=13 (full 0):
 garbage-first heap   total 82944K, used 48549K [0x0000000080000000, 0x0000000100000000)
  region size 1024K, 1 young (1024K), 1 survivors (1024K)
 Metaspace       used 34579K, committed 34944K, reserved 1114112K
  class space    used 4805K, committed 4992K, reserved 1048576K
}
Event: 3.835 GC heap before
{Heap before GC invocations=14 (full 0):
 garbage-first heap   total 87040K, used 64933K [0x0000000080000000, 0x0000000100000000)
  region size 1024K, 18 young (18432K), 1 survivors (1024K)
 Metaspace       used 37319K, committed 37760K, reserved 1114112K
  class space    used 5210K, committed 5440K, reserved 1048576K
}
Event: 3.838 GC heap after
{Heap after GC invocations=15 (full 0):
 garbage-first heap   total 87040K, used 49900K [0x0000000080000000, 0x0000000100000000)
  region size 1024K, 3 young (3072K), 3 survivors (3072K)
 Metaspace       used 37319K, committed 37760K, reserved 1114112K
  class space    used 5210K, committed 5440K, reserved 1048576K
}
Event: 3.846 GC heap before
{Heap before GC invocations=15 (full 0):
 garbage-first heap   total 87040K, used 49900K [0x0000000080000000, 0x0000000100000000)
  region size 1024K, 4 young (4096K), 3 survivors (3072K)
 Metaspace       used 37393K, committed 37824K, reserved 1114112K
  class space    used 5215K, committed 5440K, reserved 1048576K
}
Event: 3.850 GC heap after
{Heap after GC invocations=16 (full 0):
 garbage-first heap   total 87040K, used 50166K [0x0000000080000000, 0x0000000100000000)
  region size 1024K, 1 young (1024K), 1 survivors (1024K)
 Metaspace       used 37393K, committed 37824K, reserved 1114112K
  class space    used 5215K, committed 5440K, reserved 1048576K
}
Event: 4.134 GC heap before
{Heap before GC invocations=16 (full 0):
 garbage-first heap   total 87040K, used 68598K [0x0000000080000000, 0x0000000100000000)
  region size 1024K, 20 young (20480K), 1 survivors (1024K)
 Metaspace       used 42416K, committed 42752K, reserved 1114112K
  class space    used 5694K, committed 5824K, reserved 1048576K
}

